<test-run id="2" testcasecount="1" result="Passed" start-time="2025-10-08 15:21:55.635409" end-time="2025-10-08 15:21:55.748116" duration="0" total="1" passed="1" failed="0" inconclusive="0" skipped="0" asserts="0" clr-version="3.9.23 (main, Jun  4 2025, 08:55:38) &#10;[GCC 11.4.0]" engine-version="3.6.2"><command-line>/azp/_work/_tool/Python/3.9.23/x64/bin/pytest --cov=src --cov-report xml:coverage.xml tests/</command-line><filter><test re="0">tests/</test></filter><test-suite id="tests/model/test_random_model.py::TestRandomModel" name="tests/model/test_random_model.py::TestRandomModel" fullname="tests/model/test_random_model.py::TestRandomModel" methodname="" classname="" runstate="Runnable" type="Assembly" testcasecount="1" result="Passed" label="" start-time="2025-10-08 15:21:55.705013" end-time="2025-10-08 15:21:55.706352" duration="0.001339" asserts="0" total="1" passed="1" failed="0" warnings="0" inconclusive="0" skipped="0"><properties><property name="python_version" value="3.9.23 (main, Jun  4 2025, 08:55:38) &#10;[GCC 11.4.0]" /></properties><test-case id="100" name="tests/model/test_random_model.py::TestRandomModel::test_random_model" fullname="tests/model/test_random_model.py::TestRandomModel::test_random_model" methodname="test_random_model" classname="TestRandomModel" runstate="Runnable" seed="1" result="Passed" label="" start-time="2025-10-08 15:21:55.705013" end-time="2025-10-08 15:21:55.706352" duration="0.001339" asserts="0"><properties><property name="python-version" value="3.9.23 (main, Jun  4 2025, 08:55:38) &#10;[GCC 11.4.0]" /><property name="fspath" value="tests/model/test_random_model.py" /></properties><environment framework-version="3.6.2" clr-version="3.9.23 (main, Jun  4 2025, 08:55:38) &#10;[GCC 11.4.0]" os-version="6.6.96-0-virt" platform="Linux" cwd="/azp/_work/1/s" machine-name="x86_64" user="" user-domain="" culture="en_US" uiculture="en_US" os-architecture="64bit" /><failure><message><![CDATA[]]></message><stack-trace><![CDATA[None]]></stack-trace></failure><reason><message><![CDATA[]]></message></reason><output><![CDATA[]]></output></test-case><environment framework-version="3.6.2" clr-version="3.9.23 (main, Jun  4 2025, 08:55:38) &#10;[GCC 11.4.0]" os-version="6.6.96-0-virt" platform="Linux" cwd="/azp/_work/1/s" machine-name="x86_64" user="" user-domain="" culture="en_US" uiculture="en_US" os-architecture="64bit" /></test-suite></test-run>